<?xml version="1.0" encoding="UTF-8"?>
<testng-results ignored="4" total="8" passed="4" failed="0" skipped="0">
  <reporter-output>
  </reporter-output>
  <suite started-at="2022-09-18T22:33:26 IST" name="Test Suite2" finished-at="2022-09-18T22:33:26 IST" duration-ms="129">
    <groups>
      <group name="VIVO">
        <method signature="GroupingExample.vivo1()[pri:0, instance:testNGPractice.GroupingExample@6e0dec4a]" name="vivo1" class="testNGPractice.GroupingExample"/>
        <method signature="GroupingExample.vivo2()[pri:0, instance:testNGPractice.GroupingExample@6e0dec4a]" name="vivo2" class="testNGPractice.GroupingExample"/>
      </group> <!-- VIVO -->
      <group name="Moto">
        <method signature="GroupingExample.moto1()[pri:0, instance:testNGPractice.GroupingExample@6e0dec4a]" name="moto1" class="testNGPractice.GroupingExample"/>
        <method signature="GroupingExample.moto2()[pri:0, instance:testNGPractice.GroupingExample@6e0dec4a]" name="moto2" class="testNGPractice.GroupingExample"/>
      </group> <!-- Moto -->
    </groups>
    <test started-at="2022-09-18T22:33:26 IST" name="Test cases2" finished-at="2022-09-18T22:33:26 IST" duration-ms="129">
      <class name="testNGPractice.GroupingExample">
        <test-method signature="moto1()[pri:0, instance:testNGPractice.GroupingExample@6e0dec4a]" started-at="2022-09-18T22:33:26 IST" name="moto1" finished-at="2022-09-18T22:33:26 IST" duration-ms="19" status="PASS">
          <reporter-output>
          </reporter-output>
        </test-method> <!-- moto1 -->
        <test-method signature="moto2()[pri:0, instance:testNGPractice.GroupingExample@6e0dec4a]" started-at="2022-09-18T22:33:26 IST" name="moto2" finished-at="2022-09-18T22:33:26 IST" duration-ms="2" status="PASS">
          <reporter-output>
          </reporter-output>
        </test-method> <!-- moto2 -->
        <test-method signature="vivo1()[pri:0, instance:testNGPractice.GroupingExample@6e0dec4a]" started-at="2022-09-18T22:33:26 IST" name="vivo1" finished-at="2022-09-18T22:33:26 IST" duration-ms="4" status="PASS">
          <reporter-output>
          </reporter-output>
        </test-method> <!-- vivo1 -->
        <test-method signature="vivo2()[pri:0, instance:testNGPractice.GroupingExample@6e0dec4a]" started-at="2022-09-18T22:33:26 IST" name="vivo2" finished-at="2022-09-18T22:33:26 IST" duration-ms="5" status="PASS">
          <reporter-output>
          </reporter-output>
        </test-method> <!-- vivo2 -->
      </class> <!-- testNGPractice.GroupingExample -->
    </test> <!-- Test cases2 -->
  </suite> <!-- Test Suite2 -->
</testng-results>
