<?xml version="1.0" encoding="UTF-8"?>
<!-- Generated by org.testng.reporters.JUnitXMLReporter -->
<testsuite ignored="0" hostname="DESKTOP-DVS91BC" failures="0" tests="3" name="Default test" time="23.884" errors="0" timestamp="2022-09-17T13:02:25 IST">
  <testcase classname="testNGPractice.SuiteExample" name="openBing" time="2.664"/>
  <testcase classname="testNGPractice.SuiteExample" name="openGoogle" time="3.591"/>
  <testcase classname="testNGPractice.SuiteExample" name="openYahoo" time="17.573"/>
</testsuite> <!-- Default test -->
