<?xml version="1.0" encoding="UTF-8"?>
<!-- Generated by org.testng.reporters.JUnitXMLReporter -->
<testsuite ignored="0" hostname="DESKTOP-DVS91BC" failures="0" tests="8" name="Default test" time="0.116" errors="0" timestamp="2022-09-18T22:20:15 IST">
  <testcase classname="testNGPractice.GroupingExample" name="apple1" time="0.016"/>
  <testcase classname="testNGPractice.GroupingExample" name="apple2" time="0.002"/>
  <testcase classname="testNGPractice.GroupingExample" name="lenovo1" time="0.002"/>
  <testcase classname="testNGPractice.GroupingExample" name="lenovo2" time="0.002"/>
  <testcase classname="testNGPractice.GroupingExample" name="moto1" time="0.003"/>
  <testcase classname="testNGPractice.GroupingExample" name="moto2" time="0.002"/>
  <testcase classname="testNGPractice.GroupingExample" name="vivo1" time="0.002"/>
  <testcase classname="testNGPractice.GroupingExample" name="vivo2" time="0.002"/>
</testsuite> <!-- Default test -->
