<?xml version="1.0" encoding="UTF-8"?>
<!-- Generated by org.testng.reporters.JUnitXMLReporter -->
<testsuite ignored="1" hostname="DESKTOP-DVS91BC" failures="0" tests="19" name="Test cases" time="0.283" errors="0" timestamp="2022-09-18T20:13:43 IST">
  <testcase classname="testNGPractice.DependanciesManagement" name="primarySchool" time="0.019"/>
  <testcase classname="testNGPractice.DependanciesManagement" name="secondarySchool" time="0.002"/>
  <testcase classname="testNGPractice.DependanciesManagement" name="advanceLevel" time="0.003"/>
  <testcase classname="testNGPractice.DependanciesManagement" name="undergraduate" time="0.003"/>
  <testcase classname="testNGPractice.DependanciesManagement" name="postgraduate" time="0.008"/>
  <testcase classname="testNGPractice.DriverCar" name="startTheCar" time="0.005"/>
  <testcase classname="testNGPractice.DriverCar" name="putFirstGear" time="0.006"/>
  <testcase classname="testNGPractice.DriverCar" name="putSecondGear" time="0.003"/>
  <testcase classname="testNGPractice.DriverCar" name="putThirdGear" time="0.004"/>
  <testcase classname="testNGPractice.DriverCar" name="putFourthGear" time="0.008"/>
  <testcase classname="testNGPractice.SampleTestCase" name="firstTestCase" time="0.009"/>
  <testcase classname="testNGPractice.SampleTestCase" name="fourthTestCase" time="0.002"/>
  <testcase classname="testNGPractice.SampleTestCase" name="secondTestCase" time="0.003"/>
  <testcase classname="testNGPractice.SampleTestCase" name="thirdTestCase" time="0.003"/>
  <testcase classname="testNGPractice.SkipTestCase" name="startTheCar" time="0.004"/>
  <testcase classname="testNGPractice.SkipTestCase" name="putFirstGear" time="0.011"/>
  <testcase classname="testNGPractice.SkipTestCase" name="putSecondGear" time="0.003"/>
  <testcase classname="testNGPractice.SkipTestCase" name="putThirdGear" time="0.008"/>
  <testcase classname="testNGPractice.SkipTestCase" name="putFourthGear" time="0.002"/>
  <testcase classname="testNGPractice.SkipTestCase" name="turnTheMusicOn" time="0.0">
    <ignored/>
  </testcase> <!-- turnTheMusicOn -->
</testsuite> <!-- Test cases -->
