<?xml version="1.0" encoding="UTF-8"?>
<!-- Generated by org.testng.reporters.JUnitXMLReporter -->
<testsuite ignored="4" hostname="DESKTOP-DVS91BC" failures="0" tests="4" name="Test cases2" time="0.129" errors="0" timestamp="2022-09-18T22:33:26 IST">
  <testcase classname="testNGPractice.GroupingExample" name="moto1" time="0.019"/>
  <testcase classname="testNGPractice.GroupingExample" name="moto2" time="0.002"/>
  <testcase classname="testNGPractice.GroupingExample" name="vivo1" time="0.004"/>
  <testcase classname="testNGPractice.GroupingExample" name="vivo2" time="0.005"/>
  <testcase classname="testNGPractice.GroupingExample" name="lenovo1" time="0.0">
    <ignored/>
  </testcase> <!-- lenovo1 -->
  <testcase classname="testNGPractice.GroupingExample" name="apple1" time="0.0">
    <ignored/>
  </testcase> <!-- apple1 -->
  <testcase classname="testNGPractice.GroupingExample" name="lenovo2" time="0.0">
    <ignored/>
  </testcase> <!-- lenovo2 -->
  <testcase classname="testNGPractice.GroupingExample" name="apple2" time="0.0">
    <ignored/>
  </testcase> <!-- apple2 -->
</testsuite> <!-- Test cases2 -->
